[2025-07-01 13:17:12] local.ERROR: syntax error, unexpected 'public' (T_PUBLIC) {"exception":"[object] (ParseError(code: 0): syntax error, unexpected 'public' (T_PUBLIC) at C:\\Users\\CMC TTH\\Competetion_full_folder_elbakkali_mohamed\\competetion_mohamed_elbakkali_backend\\backend\\database\\migrations\\2014_10_12_000000_create_users_table.php:32)
[stacktrace]
#0 C:\\Users\\CMC TTH\\Competetion_full_folder_elbakkali_mohamed\\competetion_mohamed_elbakkali_backend\\backend\\vendor\\laravel\\framework\\src\\Illuminate\\Filesystem\\Filesystem.php(133): Illuminate\\Filesystem\\Filesystem::Illuminate\\Filesystem\\{closure}()
#1 C:\\Users\\CMC TTH\\Competetion_full_folder_elbakkali_mohamed\\competetion_mohamed_elbakkali_backend\\backend\\vendor\\laravel\\framework\\src\\Illuminate\\Database\\Migrations\\MigrationCreator.php(97): Illuminate\\Filesystem\\Filesystem->requireOnce('C:\\\\Users\\\\CMC TT...')
#2 C:\\Users\\CMC TTH\\Competetion_full_folder_elbakkali_mohamed\\competetion_mohamed_elbakkali_backend\\backend\\vendor\\laravel\\framework\\src\\Illuminate\\Database\\Migrations\\MigrationCreator.php(59): Illuminate\\Database\\Migrations\\MigrationCreator->ensureMigrationDoesntAlreadyExist('create_anecdote...', 'C:\\\\Users\\\\CMC TT...')
#3 C:\\Users\\CMC TTH\\Competetion_full_folder_elbakkali_mohamed\\competetion_mohamed_elbakkali_backend\\backend\\vendor\\laravel\\framework\\src\\Illuminate\\Database\\Console\\Migrations\\MigrateMakeCommand.php(110): Illuminate\\Database\\Migrations\\MigrationCreator->create('create_anecdote...', 'C:\\\\Users\\\\CMC TT...', 'anecdotes', true)
#4 C:\\Users\\CMC TTH\\Competetion_full_folder_elbakkali_mohamed\\competetion_mohamed_elbakkali_backend\\backend\\vendor\\laravel\\framework\\src\\Illuminate\\Database\\Console\\Migrations\\MigrateMakeCommand.php(94): Illuminate\\Database\\Console\\Migrations\\MigrateMakeCommand->writeMigration('create_anecdote...', 'anecdotes', true)
#5 C:\\Users\\CMC TTH\\Competetion_full_folder_elbakkali_mohamed\\competetion_mohamed_elbakkali_backend\\backend\\vendor\\laravel\\framework\\src\\Illuminate\\Container\\BoundMethod.php(36): Illuminate\\Database\\Console\\Migrations\\MigrateMakeCommand->handle()
#6 C:\\Users\\CMC TTH\\Competetion_full_folder_elbakkali_mohamed\\competetion_mohamed_elbakkali_backend\\backend\\vendor\\laravel\\framework\\src\\Illuminate\\Container\\Util.php(40): Illuminate\\Container\\BoundMethod::Illuminate\\Container\\{closure}()
#7 C:\\Users\\CMC TTH\\Competetion_full_folder_elbakkali_mohamed\\competetion_mohamed_elbakkali_backend\\backend\\vendor\\laravel\\framework\\src\\Illuminate\\Container\\BoundMethod.php(93): Illuminate\\Container\\Util::unwrapIfClosure(Object(Closure))
#8 C:\\Users\\CMC TTH\\Competetion_full_folder_elbakkali_mohamed\\competetion_mohamed_elbakkali_backend\\backend\\vendor\\laravel\\framework\\src\\Illuminate\\Container\\BoundMethod.php(37): Illuminate\\Container\\BoundMethod::callBoundMethod(Object(Illuminate\\Foundation\\Application), Array, Object(Closure))
#9 C:\\Users\\CMC TTH\\Competetion_full_folder_elbakkali_mohamed\\competetion_mohamed_elbakkali_backend\\backend\\vendor\\laravel\\framework\\src\\Illuminate\\Container\\Container.php(653): Illuminate\\Container\\BoundMethod::call(Object(Illuminate\\Foundation\\Application), Array, Array, NULL)
#10 C:\\Users\\CMC TTH\\Competetion_full_folder_elbakkali_mohamed\\competetion_mohamed_elbakkali_backend\\backend\\vendor\\laravel\\framework\\src\\Illuminate\\Console\\Command.php(136): Illuminate\\Container\\Container->call(Array)
#11 C:\\Users\\CMC TTH\\Competetion_full_folder_elbakkali_mohamed\\competetion_mohamed_elbakkali_backend\\backend\\vendor\\symfony\\console\\Command\\Command.php(298): Illuminate\\Console\\Command->execute(Object(Symfony\\Component\\Console\\Input\\ArgvInput), Object(Illuminate\\Console\\OutputStyle))
#12 C:\\Users\\CMC TTH\\Competetion_full_folder_elbakkali_mohamed\\competetion_mohamed_elbakkali_backend\\backend\\vendor\\laravel\\framework\\src\\Illuminate\\Console\\Command.php(121): Symfony\\Component\\Console\\Command\\Command->run(Object(Symfony\\Component\\Console\\Input\\ArgvInput), Object(Illuminate\\Console\\OutputStyle))
#13 C:\\Users\\CMC TTH\\Competetion_full_folder_elbakkali_mohamed\\competetion_mohamed_elbakkali_backend\\backend\\vendor\\symfony\\console\\Application.php(1040): Illuminate\\Console\\Command->run(Object(Symfony\\Component\\Console\\Input\\ArgvInput), Object(Symfony\\Component\\Console\\Output\\ConsoleOutput))
#14 C:\\Users\\CMC TTH\\Competetion_full_folder_elbakkali_mohamed\\competetion_mohamed_elbakkali_backend\\backend\\vendor\\symfony\\console\\Application.php(301): Symfony\\Component\\Console\\Application->doRunCommand(Object(Illuminate\\Database\\Console\\Migrations\\MigrateMakeCommand), Object(Symfony\\Component\\Console\\Input\\ArgvInput), Object(Symfony\\Component\\Console\\Output\\ConsoleOutput))
#15 C:\\Users\\CMC TTH\\Competetion_full_folder_elbakkali_mohamed\\competetion_mohamed_elbakkali_backend\\backend\\vendor\\symfony\\console\\Application.php(171): Symfony\\Component\\Console\\Application->doRun(Object(Symfony\\Component\\Console\\Input\\ArgvInput), Object(Symfony\\Component\\Console\\Output\\ConsoleOutput))
#16 C:\\Users\\CMC TTH\\Competetion_full_folder_elbakkali_mohamed\\competetion_mohamed_elbakkali_backend\\backend\\vendor\\laravel\\framework\\src\\Illuminate\\Console\\Application.php(94): Symfony\\Component\\Console\\Application->run(Object(Symfony\\Component\\Console\\Input\\ArgvInput), Object(Symfony\\Component\\Console\\Output\\ConsoleOutput))
#17 C:\\Users\\CMC TTH\\Competetion_full_folder_elbakkali_mohamed\\competetion_mohamed_elbakkali_backend\\backend\\vendor\\laravel\\framework\\src\\Illuminate\\Foundation\\Console\\Kernel.php(129): Illuminate\\Console\\Application->run(Object(Symfony\\Component\\Console\\Input\\ArgvInput), Object(Symfony\\Component\\Console\\Output\\ConsoleOutput))
#18 C:\\Users\\CMC TTH\\Competetion_full_folder_elbakkali_mohamed\\competetion_mohamed_elbakkali_backend\\backend\\artisan(37): Illuminate\\Foundation\\Console\\Kernel->handle(Object(Symfony\\Component\\Console\\Input\\ArgvInput), Object(Symfony\\Component\\Console\\Output\\ConsoleOutput))
#19 {main}
"} 
[2025-07-01 13:17:54] local.ERROR: syntax error, unexpected 'public' (T_PUBLIC) {"exception":"[object] (ParseError(code: 0): syntax error, unexpected 'public' (T_PUBLIC) at C:\\Users\\CMC TTH\\Competetion_full_folder_elbakkali_mohamed\\competetion_mohamed_elbakkali_backend\\backend\\database\\migrations\\2014_10_12_000000_create_users_table.php:32)
[stacktrace]
#0 C:\\Users\\CMC TTH\\Competetion_full_folder_elbakkali_mohamed\\competetion_mohamed_elbakkali_backend\\backend\\vendor\\laravel\\framework\\src\\Illuminate\\Filesystem\\Filesystem.php(133): Illuminate\\Filesystem\\Filesystem::Illuminate\\Filesystem\\{closure}()
#1 C:\\Users\\CMC TTH\\Competetion_full_folder_elbakkali_mohamed\\competetion_mohamed_elbakkali_backend\\backend\\vendor\\laravel\\framework\\src\\Illuminate\\Database\\Migrations\\MigrationCreator.php(97): Illuminate\\Filesystem\\Filesystem->requireOnce('C:\\\\Users\\\\CMC TT...')
#2 C:\\Users\\CMC TTH\\Competetion_full_folder_elbakkali_mohamed\\competetion_mohamed_elbakkali_backend\\backend\\vendor\\laravel\\framework\\src\\Illuminate\\Database\\Migrations\\MigrationCreator.php(59): Illuminate\\Database\\Migrations\\MigrationCreator->ensureMigrationDoesntAlreadyExist('create_anecdote...', 'C:\\\\Users\\\\CMC TT...')
#3 C:\\Users\\CMC TTH\\Competetion_full_folder_elbakkali_mohamed\\competetion_mohamed_elbakkali_backend\\backend\\vendor\\laravel\\framework\\src\\Illuminate\\Database\\Console\\Migrations\\MigrateMakeCommand.php(110): Illuminate\\Database\\Migrations\\MigrationCreator->create('create_anecdote...', 'C:\\\\Users\\\\CMC TT...', 'anecdotes', true)
#4 C:\\Users\\CMC TTH\\Competetion_full_folder_elbakkali_mohamed\\competetion_mohamed_elbakkali_backend\\backend\\vendor\\laravel\\framework\\src\\Illuminate\\Database\\Console\\Migrations\\MigrateMakeCommand.php(94): Illuminate\\Database\\Console\\Migrations\\MigrateMakeCommand->writeMigration('create_anecdote...', 'anecdotes', true)
#5 C:\\Users\\CMC TTH\\Competetion_full_folder_elbakkali_mohamed\\competetion_mohamed_elbakkali_backend\\backend\\vendor\\laravel\\framework\\src\\Illuminate\\Container\\BoundMethod.php(36): Illuminate\\Database\\Console\\Migrations\\MigrateMakeCommand->handle()
#6 C:\\Users\\CMC TTH\\Competetion_full_folder_elbakkali_mohamed\\competetion_mohamed_elbakkali_backend\\backend\\vendor\\laravel\\framework\\src\\Illuminate\\Container\\Util.php(40): Illuminate\\Container\\BoundMethod::Illuminate\\Container\\{closure}()
#7 C:\\Users\\CMC TTH\\Competetion_full_folder_elbakkali_mohamed\\competetion_mohamed_elbakkali_backend\\backend\\vendor\\laravel\\framework\\src\\Illuminate\\Container\\BoundMethod.php(93): Illuminate\\Container\\Util::unwrapIfClosure(Object(Closure))
#8 C:\\Users\\CMC TTH\\Competetion_full_folder_elbakkali_mohamed\\competetion_mohamed_elbakkali_backend\\backend\\vendor\\laravel\\framework\\src\\Illuminate\\Container\\BoundMethod.php(37): Illuminate\\Container\\BoundMethod::callBoundMethod(Object(Illuminate\\Foundation\\Application), Array, Object(Closure))
#9 C:\\Users\\CMC TTH\\Competetion_full_folder_elbakkali_mohamed\\competetion_mohamed_elbakkali_backend\\backend\\vendor\\laravel\\framework\\src\\Illuminate\\Container\\Container.php(653): Illuminate\\Container\\BoundMethod::call(Object(Illuminate\\Foundation\\Application), Array, Array, NULL)
#10 C:\\Users\\CMC TTH\\Competetion_full_folder_elbakkali_mohamed\\competetion_mohamed_elbakkali_backend\\backend\\vendor\\laravel\\framework\\src\\Illuminate\\Console\\Command.php(136): Illuminate\\Container\\Container->call(Array)
#11 C:\\Users\\CMC TTH\\Competetion_full_folder_elbakkali_mohamed\\competetion_mohamed_elbakkali_backend\\backend\\vendor\\symfony\\console\\Command\\Command.php(298): Illuminate\\Console\\Command->execute(Object(Symfony\\Component\\Console\\Input\\ArgvInput), Object(Illuminate\\Console\\OutputStyle))
#12 C:\\Users\\CMC TTH\\Competetion_full_folder_elbakkali_mohamed\\competetion_mohamed_elbakkali_backend\\backend\\vendor\\laravel\\framework\\src\\Illuminate\\Console\\Command.php(121): Symfony\\Component\\Console\\Command\\Command->run(Object(Symfony\\Component\\Console\\Input\\ArgvInput), Object(Illuminate\\Console\\OutputStyle))
#13 C:\\Users\\CMC TTH\\Competetion_full_folder_elbakkali_mohamed\\competetion_mohamed_elbakkali_backend\\backend\\vendor\\symfony\\console\\Application.php(1040): Illuminate\\Console\\Command->run(Object(Symfony\\Component\\Console\\Input\\ArgvInput), Object(Symfony\\Component\\Console\\Output\\ConsoleOutput))
#14 C:\\Users\\CMC TTH\\Competetion_full_folder_elbakkali_mohamed\\competetion_mohamed_elbakkali_backend\\backend\\vendor\\symfony\\console\\Application.php(301): Symfony\\Component\\Console\\Application->doRunCommand(Object(Illuminate\\Database\\Console\\Migrations\\MigrateMakeCommand), Object(Symfony\\Component\\Console\\Input\\ArgvInput), Object(Symfony\\Component\\Console\\Output\\ConsoleOutput))
#15 C:\\Users\\CMC TTH\\Competetion_full_folder_elbakkali_mohamed\\competetion_mohamed_elbakkali_backend\\backend\\vendor\\symfony\\console\\Application.php(171): Symfony\\Component\\Console\\Application->doRun(Object(Symfony\\Component\\Console\\Input\\ArgvInput), Object(Symfony\\Component\\Console\\Output\\ConsoleOutput))
#16 C:\\Users\\CMC TTH\\Competetion_full_folder_elbakkali_mohamed\\competetion_mohamed_elbakkali_backend\\backend\\vendor\\laravel\\framework\\src\\Illuminate\\Console\\Application.php(94): Symfony\\Component\\Console\\Application->run(Object(Symfony\\Component\\Console\\Input\\ArgvInput), Object(Symfony\\Component\\Console\\Output\\ConsoleOutput))
#17 C:\\Users\\CMC TTH\\Competetion_full_folder_elbakkali_mohamed\\competetion_mohamed_elbakkali_backend\\backend\\vendor\\laravel\\framework\\src\\Illuminate\\Foundation\\Console\\Kernel.php(129): Illuminate\\Console\\Application->run(Object(Symfony\\Component\\Console\\Input\\ArgvInput), Object(Symfony\\Component\\Console\\Output\\ConsoleOutput))
#18 C:\\Users\\CMC TTH\\Competetion_full_folder_elbakkali_mohamed\\competetion_mohamed_elbakkali_backend\\backend\\artisan(37): Illuminate\\Foundation\\Console\\Kernel->handle(Object(Symfony\\Component\\Console\\Input\\ArgvInput), Object(Symfony\\Component\\Console\\Output\\ConsoleOutput))
#19 {main}
"} 
[2025-07-01 13:18:45] local.ERROR: syntax error, unexpected 'public' (T_PUBLIC) {"exception":"[object] (ParseError(code: 0): syntax error, unexpected 'public' (T_PUBLIC) at C:\\Users\\CMC TTH\\Competetion_full_folder_elbakkali_mohamed\\competetion_mohamed_elbakkali_backend\\backend\\database\\migrations\\2014_10_12_000000_create_users_table.php:32)
[stacktrace]
#0 C:\\Users\\CMC TTH\\Competetion_full_folder_elbakkali_mohamed\\competetion_mohamed_elbakkali_backend\\backend\\vendor\\laravel\\framework\\src\\Illuminate\\Filesystem\\Filesystem.php(133): Illuminate\\Filesystem\\Filesystem::Illuminate\\Filesystem\\{closure}()
#1 C:\\Users\\CMC TTH\\Competetion_full_folder_elbakkali_mohamed\\competetion_mohamed_elbakkali_backend\\backend\\vendor\\laravel\\framework\\src\\Illuminate\\Database\\Migrations\\MigrationCreator.php(97): Illuminate\\Filesystem\\Filesystem->requireOnce('C:\\\\Users\\\\CMC TT...')
#2 C:\\Users\\CMC TTH\\Competetion_full_folder_elbakkali_mohamed\\competetion_mohamed_elbakkali_backend\\backend\\vendor\\laravel\\framework\\src\\Illuminate\\Database\\Migrations\\MigrationCreator.php(59): Illuminate\\Database\\Migrations\\MigrationCreator->ensureMigrationDoesntAlreadyExist('create_anecdote...', 'C:\\\\Users\\\\CMC TT...')
#3 C:\\Users\\CMC TTH\\Competetion_full_folder_elbakkali_mohamed\\competetion_mohamed_elbakkali_backend\\backend\\vendor\\laravel\\framework\\src\\Illuminate\\Database\\Console\\Migrations\\MigrateMakeCommand.php(110): Illuminate\\Database\\Migrations\\MigrationCreator->create('create_anecdote...', 'C:\\\\Users\\\\CMC TT...', 'anecdotes', true)
#4 C:\\Users\\CMC TTH\\Competetion_full_folder_elbakkali_mohamed\\competetion_mohamed_elbakkali_backend\\backend\\vendor\\laravel\\framework\\src\\Illuminate\\Database\\Console\\Migrations\\MigrateMakeCommand.php(94): Illuminate\\Database\\Console\\Migrations\\MigrateMakeCommand->writeMigration('create_anecdote...', 'anecdotes', true)
#5 C:\\Users\\CMC TTH\\Competetion_full_folder_elbakkali_mohamed\\competetion_mohamed_elbakkali_backend\\backend\\vendor\\laravel\\framework\\src\\Illuminate\\Container\\BoundMethod.php(36): Illuminate\\Database\\Console\\Migrations\\MigrateMakeCommand->handle()
#6 C:\\Users\\CMC TTH\\Competetion_full_folder_elbakkali_mohamed\\competetion_mohamed_elbakkali_backend\\backend\\vendor\\laravel\\framework\\src\\Illuminate\\Container\\Util.php(40): Illuminate\\Container\\BoundMethod::Illuminate\\Container\\{closure}()
#7 C:\\Users\\CMC TTH\\Competetion_full_folder_elbakkali_mohamed\\competetion_mohamed_elbakkali_backend\\backend\\vendor\\laravel\\framework\\src\\Illuminate\\Container\\BoundMethod.php(93): Illuminate\\Container\\Util::unwrapIfClosure(Object(Closure))
#8 C:\\Users\\CMC TTH\\Competetion_full_folder_elbakkali_mohamed\\competetion_mohamed_elbakkali_backend\\backend\\vendor\\laravel\\framework\\src\\Illuminate\\Container\\BoundMethod.php(37): Illuminate\\Container\\BoundMethod::callBoundMethod(Object(Illuminate\\Foundation\\Application), Array, Object(Closure))
#9 C:\\Users\\CMC TTH\\Competetion_full_folder_elbakkali_mohamed\\competetion_mohamed_elbakkali_backend\\backend\\vendor\\laravel\\framework\\src\\Illuminate\\Container\\Container.php(653): Illuminate\\Container\\BoundMethod::call(Object(Illuminate\\Foundation\\Application), Array, Array, NULL)
#10 C:\\Users\\CMC TTH\\Competetion_full_folder_elbakkali_mohamed\\competetion_mohamed_elbakkali_backend\\backend\\vendor\\laravel\\framework\\src\\Illuminate\\Console\\Command.php(136): Illuminate\\Container\\Container->call(Array)
#11 C:\\Users\\CMC TTH\\Competetion_full_folder_elbakkali_mohamed\\competetion_mohamed_elbakkali_backend\\backend\\vendor\\symfony\\console\\Command\\Command.php(298): Illuminate\\Console\\Command->execute(Object(Symfony\\Component\\Console\\Input\\ArgvInput), Object(Illuminate\\Console\\OutputStyle))
#12 C:\\Users\\CMC TTH\\Competetion_full_folder_elbakkali_mohamed\\competetion_mohamed_elbakkali_backend\\backend\\vendor\\laravel\\framework\\src\\Illuminate\\Console\\Command.php(121): Symfony\\Component\\Console\\Command\\Command->run(Object(Symfony\\Component\\Console\\Input\\ArgvInput), Object(Illuminate\\Console\\OutputStyle))
#13 C:\\Users\\CMC TTH\\Competetion_full_folder_elbakkali_mohamed\\competetion_mohamed_elbakkali_backend\\backend\\vendor\\symfony\\console\\Application.php(1040): Illuminate\\Console\\Command->run(Object(Symfony\\Component\\Console\\Input\\ArgvInput), Object(Symfony\\Component\\Console\\Output\\ConsoleOutput))
#14 C:\\Users\\CMC TTH\\Competetion_full_folder_elbakkali_mohamed\\competetion_mohamed_elbakkali_backend\\backend\\vendor\\symfony\\console\\Application.php(301): Symfony\\Component\\Console\\Application->doRunCommand(Object(Illuminate\\Database\\Console\\Migrations\\MigrateMakeCommand), Object(Symfony\\Component\\Console\\Input\\ArgvInput), Object(Symfony\\Component\\Console\\Output\\ConsoleOutput))
#15 C:\\Users\\CMC TTH\\Competetion_full_folder_elbakkali_mohamed\\competetion_mohamed_elbakkali_backend\\backend\\vendor\\symfony\\console\\Application.php(171): Symfony\\Component\\Console\\Application->doRun(Object(Symfony\\Component\\Console\\Input\\ArgvInput), Object(Symfony\\Component\\Console\\Output\\ConsoleOutput))
#16 C:\\Users\\CMC TTH\\Competetion_full_folder_elbakkali_mohamed\\competetion_mohamed_elbakkali_backend\\backend\\vendor\\laravel\\framework\\src\\Illuminate\\Console\\Application.php(94): Symfony\\Component\\Console\\Application->run(Object(Symfony\\Component\\Console\\Input\\ArgvInput), Object(Symfony\\Component\\Console\\Output\\ConsoleOutput))
#17 C:\\Users\\CMC TTH\\Competetion_full_folder_elbakkali_mohamed\\competetion_mohamed_elbakkali_backend\\backend\\vendor\\laravel\\framework\\src\\Illuminate\\Foundation\\Console\\Kernel.php(129): Illuminate\\Console\\Application->run(Object(Symfony\\Component\\Console\\Input\\ArgvInput), Object(Symfony\\Component\\Console\\Output\\ConsoleOutput))
#18 C:\\Users\\CMC TTH\\Competetion_full_folder_elbakkali_mohamed\\competetion_mohamed_elbakkali_backend\\backend\\artisan(37): Illuminate\\Foundation\\Console\\Kernel->handle(Object(Symfony\\Component\\Console\\Input\\ArgvInput), Object(Symfony\\Component\\Console\\Output\\ConsoleOutput))
#19 {main}
"} 
[2025-07-01 13:25:58] local.ERROR: SQLSTATE[HY000] [1045] Access denied for user 'root'@'localhost' (using password: YES) (SQL: select * from information_schema.tables where table_schema = laravel and table_name = migrations and table_type = 'BASE TABLE') {"exception":"[object] (Illuminate\\Database\\QueryException(code: 1045): SQLSTATE[HY000] [1045] Access denied for user 'root'@'localhost' (using password: YES) (SQL: select * from information_schema.tables where table_schema = laravel and table_name = migrations and table_type = 'BASE TABLE') at C:\\Users\\CMC TTH\\Competetion_full_folder_elbakkali_mohamed\\competetion_mohamed_elbakkali_backend\\backend\\vendor\\laravel\\framework\\src\\Illuminate\\Database\\Connection.php:712)
[stacktrace]
#0 C:\\Users\\CMC TTH\\Competetion_full_folder_elbakkali_mohamed\\competetion_mohamed_elbakkali_backend\\backend\\vendor\\laravel\\framework\\src\\Illuminate\\Database\\Connection.php(672): Illuminate\\Database\\Connection->runQueryCallback('select * from i...', Array, Object(Closure))
#1 C:\\Users\\CMC TTH\\Competetion_full_folder_elbakkali_mohamed\\competetion_mohamed_elbakkali_backend\\backend\\vendor\\laravel\\framework\\src\\Illuminate\\Database\\Connection.php(376): Illuminate\\Database\\Connection->run('select * from i...', Array, Object(Closure))
#2 C:\\Users\\CMC TTH\\Competetion_full_folder_elbakkali_mohamed\\competetion_mohamed_elbakkali_backend\\backend\\vendor\\laravel\\framework\\src\\Illuminate\\Database\\Schema\\MySqlBuilder.php(44): Illuminate\\Database\\Connection->select('select * from i...', Array)
#3 C:\\Users\\CMC TTH\\Competetion_full_folder_elbakkali_mohamed\\competetion_mohamed_elbakkali_backend\\backend\\vendor\\laravel\\framework\\src\\Illuminate\\Database\\Migrations\\DatabaseMigrationRepository.php(169): Illuminate\\Database\\Schema\\MySqlBuilder->hasTable('migrations')
#4 C:\\Users\\CMC TTH\\Competetion_full_folder_elbakkali_mohamed\\competetion_mohamed_elbakkali_backend\\backend\\vendor\\laravel\\framework\\src\\Illuminate\\Database\\Migrations\\Migrator.php(673): Illuminate\\Database\\Migrations\\DatabaseMigrationRepository->repositoryExists()
#5 C:\\Users\\CMC TTH\\Competetion_full_folder_elbakkali_mohamed\\competetion_mohamed_elbakkali_backend\\backend\\vendor\\laravel\\framework\\src\\Illuminate\\Database\\Console\\Migrations\\MigrateCommand.php(110): Illuminate\\Database\\Migrations\\Migrator->repositoryExists()
#6 C:\\Users\\CMC TTH\\Competetion_full_folder_elbakkali_mohamed\\competetion_mohamed_elbakkali_backend\\backend\\vendor\\laravel\\framework\\src\\Illuminate\\Database\\Console\\Migrations\\MigrateCommand.php(78): Illuminate\\Database\\Console\\Migrations\\MigrateCommand->prepareDatabase()
#7 C:\\Users\\CMC TTH\\Competetion_full_folder_elbakkali_mohamed\\competetion_mohamed_elbakkali_backend\\backend\\vendor\\laravel\\framework\\src\\Illuminate\\Database\\Migrations\\Migrator.php(606): Illuminate\\Database\\Console\\Migrations\\MigrateCommand->Illuminate\\Database\\Console\\Migrations\\{closure}()
#8 C:\\Users\\CMC TTH\\Competetion_full_folder_elbakkali_mohamed\\competetion_mohamed_elbakkali_backend\\backend\\vendor\\laravel\\framework\\src\\Illuminate\\Database\\Console\\Migrations\\MigrateCommand.php(98): Illuminate\\Database\\Migrations\\Migrator->usingConnection(NULL, Object(Closure))
#9 C:\\Users\\CMC TTH\\Competetion_full_folder_elbakkali_mohamed\\competetion_mohamed_elbakkali_backend\\backend\\vendor\\laravel\\framework\\src\\Illuminate\\Container\\BoundMethod.php(36): Illuminate\\Database\\Console\\Migrations\\MigrateCommand->handle()
#10 C:\\Users\\CMC TTH\\Competetion_full_folder_elbakkali_mohamed\\competetion_mohamed_elbakkali_backend\\backend\\vendor\\laravel\\framework\\src\\Illuminate\\Container\\Util.php(40): Illuminate\\Container\\BoundMethod::Illuminate\\Container\\{closure}()
#11 C:\\Users\\CMC TTH\\Competetion_full_folder_elbakkali_mohamed\\competetion_mohamed_elbakkali_backend\\backend\\vendor\\laravel\\framework\\src\\Illuminate\\Container\\BoundMethod.php(93): Illuminate\\Container\\Util::unwrapIfClosure(Object(Closure))
#12 C:\\Users\\CMC TTH\\Competetion_full_folder_elbakkali_mohamed\\competetion_mohamed_elbakkali_backend\\backend\\vendor\\laravel\\framework\\src\\Illuminate\\Container\\BoundMethod.php(37): Illuminate\\Container\\BoundMethod::callBoundMethod(Object(Illuminate\\Foundation\\Application), Array, Object(Closure))
#13 C:\\Users\\CMC TTH\\Competetion_full_folder_elbakkali_mohamed\\competetion_mohamed_elbakkali_backend\\backend\\vendor\\laravel\\framework\\src\\Illuminate\\Container\\Container.php(653): Illuminate\\Container\\BoundMethod::call(Object(Illuminate\\Foundation\\Application), Array, Array, NULL)
#14 C:\\Users\\CMC TTH\\Competetion_full_folder_elbakkali_mohamed\\competetion_mohamed_elbakkali_backend\\backend\\vendor\\laravel\\framework\\src\\Illuminate\\Console\\Command.php(136): Illuminate\\Container\\Container->call(Array)
#15 C:\\Users\\CMC TTH\\Competetion_full_folder_elbakkali_mohamed\\competetion_mohamed_elbakkali_backend\\backend\\vendor\\symfony\\console\\Command\\Command.php(298): Illuminate\\Console\\Command->execute(Object(Symfony\\Component\\Console\\Input\\ArgvInput), Object(Illuminate\\Console\\OutputStyle))
#16 C:\\Users\\CMC TTH\\Competetion_full_folder_elbakkali_mohamed\\competetion_mohamed_elbakkali_backend\\backend\\vendor\\laravel\\framework\\src\\Illuminate\\Console\\Command.php(121): Symfony\\Component\\Console\\Command\\Command->run(Object(Symfony\\Component\\Console\\Input\\ArgvInput), Object(Illuminate\\Console\\OutputStyle))
#17 C:\\Users\\CMC TTH\\Competetion_full_folder_elbakkali_mohamed\\competetion_mohamed_elbakkali_backend\\backend\\vendor\\symfony\\console\\Application.php(1040): Illuminate\\Console\\Command->run(Object(Symfony\\Component\\Console\\Input\\ArgvInput), Object(Symfony\\Component\\Console\\Output\\ConsoleOutput))
#18 C:\\Users\\CMC TTH\\Competetion_full_folder_elbakkali_mohamed\\competetion_mohamed_elbakkali_backend\\backend\\vendor\\symfony\\console\\Application.php(301): Symfony\\Component\\Console\\Application->doRunCommand(Object(Illuminate\\Database\\Console\\Migrations\\MigrateCommand), Object(Symfony\\Component\\Console\\Input\\ArgvInput), Object(Symfony\\Component\\Console\\Output\\ConsoleOutput))
#19 C:\\Users\\CMC TTH\\Competetion_full_folder_elbakkali_mohamed\\competetion_mohamed_elbakkali_backend\\backend\\vendor\\symfony\\console\\Application.php(171): Symfony\\Component\\Console\\Application->doRun(Object(Symfony\\Component\\Console\\Input\\ArgvInput), Object(Symfony\\Component\\Console\\Output\\ConsoleOutput))
#20 C:\\Users\\CMC TTH\\Competetion_full_folder_elbakkali_mohamed\\competetion_mohamed_elbakkali_backend\\backend\\vendor\\laravel\\framework\\src\\Illuminate\\Console\\Application.php(94): Symfony\\Component\\Console\\Application->run(Object(Symfony\\Component\\Console\\Input\\ArgvInput), Object(Symfony\\Component\\Console\\Output\\ConsoleOutput))
#21 C:\\Users\\CMC TTH\\Competetion_full_folder_elbakkali_mohamed\\competetion_mohamed_elbakkali_backend\\backend\\vendor\\laravel\\framework\\src\\Illuminate\\Foundation\\Console\\Kernel.php(129): Illuminate\\Console\\Application->run(Object(Symfony\\Component\\Console\\Input\\ArgvInput), Object(Symfony\\Component\\Console\\Output\\ConsoleOutput))
#22 C:\\Users\\CMC TTH\\Competetion_full_folder_elbakkali_mohamed\\competetion_mohamed_elbakkali_backend\\backend\\artisan(37): Illuminate\\Foundation\\Console\\Kernel->handle(Object(Symfony\\Component\\Console\\Input\\ArgvInput), Object(Symfony\\Component\\Console\\Output\\ConsoleOutput))
#23 {main}

[previous exception] [object] (PDOException(code: 1045): SQLSTATE[HY000] [1045] Access denied for user 'root'@'localhost' (using password: YES) at C:\\Users\\CMC TTH\\Competetion_full_folder_elbakkali_mohamed\\competetion_mohamed_elbakkali_backend\\backend\\vendor\\laravel\\framework\\src\\Illuminate\\Database\\Connectors\\Connector.php:70)
[stacktrace]
#0 C:\\Users\\CMC TTH\\Competetion_full_folder_elbakkali_mohamed\\competetion_mohamed_elbakkali_backend\\backend\\vendor\\laravel\\framework\\src\\Illuminate\\Database\\Connectors\\Connector.php(70): PDO->__construct('mysql:host=127....', 'root', '', Array)
#1 C:\\Users\\CMC TTH\\Competetion_full_folder_elbakkali_mohamed\\competetion_mohamed_elbakkali_backend\\backend\\vendor\\laravel\\framework\\src\\Illuminate\\Database\\Connectors\\Connector.php(46): Illuminate\\Database\\Connectors\\Connector->createPdoConnection('mysql:host=127....', 'root', '', Array)
#2 C:\\Users\\CMC TTH\\Competetion_full_folder_elbakkali_mohamed\\competetion_mohamed_elbakkali_backend\\backend\\vendor\\laravel\\framework\\src\\Illuminate\\Database\\Connectors\\MySqlConnector.php(24): Illuminate\\Database\\Connectors\\Connector->createConnection('mysql:host=127....', Array, Array)
#3 C:\\Users\\CMC TTH\\Competetion_full_folder_elbakkali_mohamed\\competetion_mohamed_elbakkali_backend\\backend\\vendor\\laravel\\framework\\src\\Illuminate\\Database\\Connectors\\ConnectionFactory.php(184): Illuminate\\Database\\Connectors\\MySqlConnector->connect(Array)
#4 [internal function]: Illuminate\\Database\\Connectors\\ConnectionFactory->Illuminate\\Database\\Connectors\\{closure}()
#5 C:\\Users\\CMC TTH\\Competetion_full_folder_elbakkali_mohamed\\competetion_mohamed_elbakkali_backend\\backend\\vendor\\laravel\\framework\\src\\Illuminate\\Database\\Connection.php(1064): call_user_func(Object(Closure))
#6 C:\\Users\\CMC TTH\\Competetion_full_folder_elbakkali_mohamed\\competetion_mohamed_elbakkali_backend\\backend\\vendor\\laravel\\framework\\src\\Illuminate\\Database\\Connection.php(1100): Illuminate\\Database\\Connection->getPdo()
#7 C:\\Users\\CMC TTH\\Competetion_full_folder_elbakkali_mohamed\\competetion_mohamed_elbakkali_backend\\backend\\vendor\\laravel\\framework\\src\\Illuminate\\Database\\Connection.php(442): Illuminate\\Database\\Connection->getReadPdo()
#8 C:\\Users\\CMC TTH\\Competetion_full_folder_elbakkali_mohamed\\competetion_mohamed_elbakkali_backend\\backend\\vendor\\laravel\\framework\\src\\Illuminate\\Database\\Connection.php(368): Illuminate\\Database\\Connection->getPdoForSelect(true)
#9 C:\\Users\\CMC TTH\\Competetion_full_folder_elbakkali_mohamed\\competetion_mohamed_elbakkali_backend\\backend\\vendor\\laravel\\framework\\src\\Illuminate\\Database\\Connection.php(705): Illuminate\\Database\\Connection->Illuminate\\Database\\{closure}('select * from i...', Array)
#10 C:\\Users\\CMC TTH\\Competetion_full_folder_elbakkali_mohamed\\competetion_mohamed_elbakkali_backend\\backend\\vendor\\laravel\\framework\\src\\Illuminate\\Database\\Connection.php(672): Illuminate\\Database\\Connection->runQueryCallback('select * from i...', Array, Object(Closure))
#11 C:\\Users\\CMC TTH\\Competetion_full_folder_elbakkali_mohamed\\competetion_mohamed_elbakkali_backend\\backend\\vendor\\laravel\\framework\\src\\Illuminate\\Database\\Connection.php(376): Illuminate\\Database\\Connection->run('select * from i...', Array, Object(Closure))
#12 C:\\Users\\CMC TTH\\Competetion_full_folder_elbakkali_mohamed\\competetion_mohamed_elbakkali_backend\\backend\\vendor\\laravel\\framework\\src\\Illuminate\\Database\\Schema\\MySqlBuilder.php(44): Illuminate\\Database\\Connection->select('select * from i...', Array)
#13 C:\\Users\\CMC TTH\\Competetion_full_folder_elbakkali_mohamed\\competetion_mohamed_elbakkali_backend\\backend\\vendor\\laravel\\framework\\src\\Illuminate\\Database\\Migrations\\DatabaseMigrationRepository.php(169): Illuminate\\Database\\Schema\\MySqlBuilder->hasTable('migrations')
#14 C:\\Users\\CMC TTH\\Competetion_full_folder_elbakkali_mohamed\\competetion_mohamed_elbakkali_backend\\backend\\vendor\\laravel\\framework\\src\\Illuminate\\Database\\Migrations\\Migrator.php(673): Illuminate\\Database\\Migrations\\DatabaseMigrationRepository->repositoryExists()
#15 C:\\Users\\CMC TTH\\Competetion_full_folder_elbakkali_mohamed\\competetion_mohamed_elbakkali_backend\\backend\\vendor\\laravel\\framework\\src\\Illuminate\\Database\\Console\\Migrations\\MigrateCommand.php(110): Illuminate\\Database\\Migrations\\Migrator->repositoryExists()
#16 C:\\Users\\CMC TTH\\Competetion_full_folder_elbakkali_mohamed\\competetion_mohamed_elbakkali_backend\\backend\\vendor\\laravel\\framework\\src\\Illuminate\\Database\\Console\\Migrations\\MigrateCommand.php(78): Illuminate\\Database\\Console\\Migrations\\MigrateCommand->prepareDatabase()
#17 C:\\Users\\CMC TTH\\Competetion_full_folder_elbakkali_mohamed\\competetion_mohamed_elbakkali_backend\\backend\\vendor\\laravel\\framework\\src\\Illuminate\\Database\\Migrations\\Migrator.php(606): Illuminate\\Database\\Console\\Migrations\\MigrateCommand->Illuminate\\Database\\Console\\Migrations\\{closure}()
#18 C:\\Users\\CMC TTH\\Competetion_full_folder_elbakkali_mohamed\\competetion_mohamed_elbakkali_backend\\backend\\vendor\\laravel\\framework\\src\\Illuminate\\Database\\Console\\Migrations\\MigrateCommand.php(98): Illuminate\\Database\\Migrations\\Migrator->usingConnection(NULL, Object(Closure))
#19 C:\\Users\\CMC TTH\\Competetion_full_folder_elbakkali_mohamed\\competetion_mohamed_elbakkali_backend\\backend\\vendor\\laravel\\framework\\src\\Illuminate\\Container\\BoundMethod.php(36): Illuminate\\Database\\Console\\Migrations\\MigrateCommand->handle()
#20 C:\\Users\\CMC TTH\\Competetion_full_folder_elbakkali_mohamed\\competetion_mohamed_elbakkali_backend\\backend\\vendor\\laravel\\framework\\src\\Illuminate\\Container\\Util.php(40): Illuminate\\Container\\BoundMethod::Illuminate\\Container\\{closure}()
#21 C:\\Users\\CMC TTH\\Competetion_full_folder_elbakkali_mohamed\\competetion_mohamed_elbakkali_backend\\backend\\vendor\\laravel\\framework\\src\\Illuminate\\Container\\BoundMethod.php(93): Illuminate\\Container\\Util::unwrapIfClosure(Object(Closure))
#22 C:\\Users\\CMC TTH\\Competetion_full_folder_elbakkali_mohamed\\competetion_mohamed_elbakkali_backend\\backend\\vendor\\laravel\\framework\\src\\Illuminate\\Container\\BoundMethod.php(37): Illuminate\\Container\\BoundMethod::callBoundMethod(Object(Illuminate\\Foundation\\Application), Array, Object(Closure))
#23 C:\\Users\\CMC TTH\\Competetion_full_folder_elbakkali_mohamed\\competetion_mohamed_elbakkali_backend\\backend\\vendor\\laravel\\framework\\src\\Illuminate\\Container\\Container.php(653): Illuminate\\Container\\BoundMethod::call(Object(Illuminate\\Foundation\\Application), Array, Array, NULL)
#24 C:\\Users\\CMC TTH\\Competetion_full_folder_elbakkali_mohamed\\competetion_mohamed_elbakkali_backend\\backend\\vendor\\laravel\\framework\\src\\Illuminate\\Console\\Command.php(136): Illuminate\\Container\\Container->call(Array)
#25 C:\\Users\\CMC TTH\\Competetion_full_folder_elbakkali_mohamed\\competetion_mohamed_elbakkali_backend\\backend\\vendor\\symfony\\console\\Command\\Command.php(298): Illuminate\\Console\\Command->execute(Object(Symfony\\Component\\Console\\Input\\ArgvInput), Object(Illuminate\\Console\\OutputStyle))
#26 C:\\Users\\CMC TTH\\Competetion_full_folder_elbakkali_mohamed\\competetion_mohamed_elbakkali_backend\\backend\\vendor\\laravel\\framework\\src\\Illuminate\\Console\\Command.php(121): Symfony\\Component\\Console\\Command\\Command->run(Object(Symfony\\Component\\Console\\Input\\ArgvInput), Object(Illuminate\\Console\\OutputStyle))
#27 C:\\Users\\CMC TTH\\Competetion_full_folder_elbakkali_mohamed\\competetion_mohamed_elbakkali_backend\\backend\\vendor\\symfony\\console\\Application.php(1040): Illuminate\\Console\\Command->run(Object(Symfony\\Component\\Console\\Input\\ArgvInput), Object(Symfony\\Component\\Console\\Output\\ConsoleOutput))
#28 C:\\Users\\CMC TTH\\Competetion_full_folder_elbakkali_mohamed\\competetion_mohamed_elbakkali_backend\\backend\\vendor\\symfony\\console\\Application.php(301): Symfony\\Component\\Console\\Application->doRunCommand(Object(Illuminate\\Database\\Console\\Migrations\\MigrateCommand), Object(Symfony\\Component\\Console\\Input\\ArgvInput), Object(Symfony\\Component\\Console\\Output\\ConsoleOutput))
#29 C:\\Users\\CMC TTH\\Competetion_full_folder_elbakkali_mohamed\\competetion_mohamed_elbakkali_backend\\backend\\vendor\\symfony\\console\\Application.php(171): Symfony\\Component\\Console\\Application->doRun(Object(Symfony\\Component\\Console\\Input\\ArgvInput), Object(Symfony\\Component\\Console\\Output\\ConsoleOutput))
#30 C:\\Users\\CMC TTH\\Competetion_full_folder_elbakkali_mohamed\\competetion_mohamed_elbakkali_backend\\backend\\vendor\\laravel\\framework\\src\\Illuminate\\Console\\Application.php(94): Symfony\\Component\\Console\\Application->run(Object(Symfony\\Component\\Console\\Input\\ArgvInput), Object(Symfony\\Component\\Console\\Output\\ConsoleOutput))
#31 C:\\Users\\CMC TTH\\Competetion_full_folder_elbakkali_mohamed\\competetion_mohamed_elbakkali_backend\\backend\\vendor\\laravel\\framework\\src\\Illuminate\\Foundation\\Console\\Kernel.php(129): Illuminate\\Console\\Application->run(Object(Symfony\\Component\\Console\\Input\\ArgvInput), Object(Symfony\\Component\\Console\\Output\\ConsoleOutput))
#32 C:\\Users\\CMC TTH\\Competetion_full_folder_elbakkali_mohamed\\competetion_mohamed_elbakkali_backend\\backend\\artisan(37): Illuminate\\Foundation\\Console\\Kernel->handle(Object(Symfony\\Component\\Console\\Input\\ArgvInput), Object(Symfony\\Component\\Console\\Output\\ConsoleOutput))
#33 {main}
"} 
